2010/08/16 11:20:19 [error] [exception.CDbException] could not find driver
2010/08/16 11:20:19 [error] [exception.CDbException] exception 'CDbException' with message 'CDbConnection failed to open the DB connection.' in /home/werapan/public_html/appfw/framework/db/CDbConnection.php:275
Stack trace:
#0 /home/werapan/public_html/appfw/framework/db/CDbConnection.php(242): CDbConnection->open()
#1 /home/werapan/public_html/appfw/framework/db/CDbConnection.php(221): CDbConnection->setActive(true)
#2 /home/werapan/public_html/appfw/framework/base/CModule.php(363): CDbConnection->init()
#3 /home/werapan/public_html/appfw/framework/base/CApplication.php(391): CModule->getComponent('db')
#4 /home/werapan/public_html/appfw/framework/db/ar/CActiveRecord.php(553): CApplication->getDb()
#5 /home/werapan/public_html/appfw/framework/db/ar/CActiveRecord.php(2048): CActiveRecord->getDbConnection()
#6 /home/werapan/public_html/appfw/framework/db/ar/CActiveRecord.php(353): CActiveRecordMetaData->__construct(Object(Post))
#7 /home/werapan/public_html/appfw/framework/web/CActiveDataProvider.php(63): CActiveRecord::model('Post')
#8 /home/werapan/public_html/appfw/demos/blog/protected/controllers/PostController.php(132): CActiveDataProvider->__construct('Post', Array)
#9 /home/werapan/public_html/appfw/framework/web/actions/CInlineAction.php(32): PostController->actionIndex()
#10 /home/werapan/public_html/appfw/framework/web/CController.php(300): CInlineAction->run()
#11 /home/werapan/public_html/appfw/framework/web/filters/CFilterChain.php(129): CController->runAction(Object(CInlineAction))
#12 /home/werapan/public_html/appfw/framework/web/filters/CFilter.php(41): CFilterChain->run()
#13 /home/werapan/public_html/appfw/framework/web/CController.php(1049): CFilter->filter(Object(CFilterChain))
#14 /home/werapan/public_html/appfw/framework/web/filters/CInlineFilter.php(59): CController->filterAccessControl(Object(CFilterChain))
#15 /home/werapan/public_html/appfw/framework/web/filters/CFilterChain.php(126): CInlineFilter->filter(Object(CFilterChain))
#16 /home/werapan/public_html/appfw/framework/web/CController.php(283): CFilterChain->run()
#17 /home/werapan/public_html/appfw/framework/web/CController.php(257): CController->runActionWithFilters(Object(CInlineAction), Array)
#18 /home/werapan/public_html/appfw/framework/web/CWebApplication.php(324): CController->run('')
#19 /home/werapan/public_html/appfw/framework/web/CWebApplication.php(121): CWebApplication->runController('')
#20 /home/werapan/public_html/appfw/framework/base/CApplication.php(135): CWebApplication->processRequest()
#21 /home/werapan/public_html/appfw/demos/blog/index.php(11): CApplication->run()
#22 {main} REQUEST_URI=/appfw/demos/blog/
2010/08/16 11:20:54 [error] [exception.CDbException] could not find driver
2010/08/16 11:20:54 [error] [exception.CDbException] exception 'CDbException' with message 'CDbConnection failed to open the DB connection.' in /home/werapan/public_html/appfw/framework/db/CDbConnection.php:275
Stack trace:
#0 /home/werapan/public_html/appfw/framework/db/CDbConnection.php(242): CDbConnection->open()
#1 /home/werapan/public_html/appfw/framework/db/CDbConnection.php(221): CDbConnection->setActive(true)
#2 /home/werapan/public_html/appfw/framework/base/CModule.php(363): CDbConnection->init()
#3 /home/werapan/public_html/appfw/framework/base/CApplication.php(391): CModule->getComponent('db')
#4 /home/werapan/public_html/appfw/framework/db/ar/CActiveRecord.php(553): CApplication->getDb()
#5 /home/werapan/public_html/appfw/framework/db/ar/CActiveRecord.php(2048): CActiveRecord->getDbConnection()
#6 /home/werapan/public_html/appfw/framework/db/ar/CActiveRecord.php(353): CActiveRecordMetaData->__construct(Object(Post))
#7 /home/werapan/public_html/appfw/framework/web/CActiveDataProvider.php(63): CActiveRecord::model('Post')
#8 /home/werapan/public_html/appfw/demos/blog/protected/controllers/PostController.php(132): CActiveDataProvider->__construct('Post', Array)
#9 /home/werapan/public_html/appfw/framework/web/actions/CInlineAction.php(32): PostController->actionIndex()
#10 /home/werapan/public_html/appfw/framework/web/CController.php(300): CInlineAction->run()
#11 /home/werapan/public_html/appfw/framework/web/filters/CFilterChain.php(129): CController->runAction(Object(CInlineAction))
#12 /home/werapan/public_html/appfw/framework/web/filters/CFilter.php(41): CFilterChain->run()
#13 /home/werapan/public_html/appfw/framework/web/CController.php(1049): CFilter->filter(Object(CFilterChain))
#14 /home/werapan/public_html/appfw/framework/web/filters/CInlineFilter.php(59): CController->filterAccessControl(Object(CFilterChain))
#15 /home/werapan/public_html/appfw/framework/web/filters/CFilterChain.php(126): CInlineFilter->filter(Object(CFilterChain))
#16 /home/werapan/public_html/appfw/framework/web/CController.php(283): CFilterChain->run()
#17 /home/werapan/public_html/appfw/framework/web/CController.php(257): CController->runActionWithFilters(Object(CInlineAction), Array)
#18 /home/werapan/public_html/appfw/framework/web/CWebApplication.php(324): CController->run('')
#19 /home/werapan/public_html/appfw/framework/web/CWebApplication.php(121): CWebApplication->runController('')
#20 /home/werapan/public_html/appfw/framework/base/CApplication.php(135): CWebApplication->processRequest()
#21 /home/werapan/public_html/appfw/demos/blog/index.php(11): CApplication->run()
#22 {main} REQUEST_URI=/appfw/demos/blog/
