2010/08/29 23:41:07 [error] [exception.CHttpException.404] exception 'CHttpException' with message 'Unable to resolve the request "gii/default/login".' in /home/werapan/public_html/appfw/framework/web/CWebApplication.php:328
Stack trace:
#0 /home/werapan/public_html/appfw/framework/web/CWebApplication.php(121): CWebApplication->runController('gii/default/log...')
#1 /home/werapan/public_html/appfw/framework/base/CApplication.php(135): CWebApplication->processRequest()
#2 /home/werapan/public_html/um/index.php(13): CApplication->run()
#3 {main} REQUEST_URI=/um/index.php?r=gii/default/login
2010/08/29 23:41:13 [error] [exception.CHttpException.404] exception 'CHttpException' with message 'Unable to resolve the request "gii".' in /home/werapan/public_html/appfw/framework/web/CWebApplication.php:328
Stack trace:
#0 /home/werapan/public_html/appfw/framework/web/CWebApplication.php(121): CWebApplication->runController('gii')
#1 /home/werapan/public_html/appfw/framework/base/CApplication.php(135): CWebApplication->processRequest()
#2 /home/werapan/public_html/um/index.php(13): CApplication->run()
#3 {main} REQUEST_URI=/um/index.php?r=gii
2010/08/29 23:43:41 [error] [php] copy(/home/werapan/public_html/um/protected/components/CAdvancedArBehavior.php): failed to open stream: Permission denied (/home/werapan/public_html/um/protected/extensions/gtc/fullModel/FullModelCode.php:26)
Stack trace:
#0 /home/werapan/public_html/appfw/framework/gii/CCodeGenerator.php(61): FullModelGenerator->prepare()
#1 /home/werapan/public_html/appfw/framework/web/actions/CInlineAction.php(32): FullModelGenerator->actionIndex()
#2 /home/werapan/public_html/appfw/framework/web/CController.php(300): CInlineAction->run()
#3 /home/werapan/public_html/appfw/framework/web/CController.php(278): FullModelGenerator->runAction()
#4 /home/werapan/public_html/appfw/framework/web/CController.php(257): FullModelGenerator->runActionWithFilters()
#5 /home/werapan/public_html/appfw/framework/web/CWebApplication.php(324): FullModelGenerator->run()
#6 /home/werapan/public_html/appfw/framework/web/CWebApplication.php(121): CWebApplication->runController()
#7 /home/werapan/public_html/appfw/framework/base/CApplication.php(135): CWebApplication->processRequest()
#8 /home/werapan/public_html/um/index.php(13): CWebApplication->run()
REQUEST_URI=/um/index.php?r=gii/fullModel
in /home/werapan/public_html/um/protected/extensions/gtc/fullModel/FullModelCode.php (26)
in /home/werapan/public_html/appfw/framework/gii/CCodeGenerator.php (158)
in /home/werapan/public_html/appfw/framework/gii/CCodeGenerator.php (61)
2010/08/29 23:50:39 [warning] [application] Failed to set unsafe attribute "gender_id".
in /home/werapan/public_html/um/protected/controllers/UsersController.php (131)
in /home/werapan/public_html/um/protected/controllers/UsersController.php (47)
in /home/werapan/public_html/um/index.php (13)
2010/08/29 23:50:39 [warning] [application] Failed to set unsafe attribute "title_id".
in /home/werapan/public_html/um/protected/controllers/UsersController.php (131)
in /home/werapan/public_html/um/protected/controllers/UsersController.php (47)
in /home/werapan/public_html/um/index.php (13)
2010/08/29 23:56:24 [error] [exception.CHttpException.404] exception 'CHttpException' with message 'Unable to resolve the request "user".' in /home/werapan/public_html/appfw/framework/web/CWebApplication.php:328
Stack trace:
#0 /home/werapan/public_html/appfw/framework/web/CWebApplication.php(121): CWebApplication->runController('user')
#1 /home/werapan/public_html/appfw/framework/base/CApplication.php(135): CWebApplication->processRequest()
#2 /home/werapan/public_html/um/index.php(13): CApplication->run()
#3 {main} REQUEST_URI=/um/index.php?r=user
2010/08/29 23:56:31 [warning] [application] Failed to set unsafe attribute "gender_id".
in /home/werapan/public_html/um/protected/controllers/UsersController.php (131)
in /home/werapan/public_html/um/protected/controllers/UsersController.php (47)
in /home/werapan/public_html/um/index.php (13)
2010/08/29 23:56:31 [warning] [application] Failed to set unsafe attribute "title_id".
in /home/werapan/public_html/um/protected/controllers/UsersController.php (131)
in /home/werapan/public_html/um/protected/controllers/UsersController.php (47)
in /home/werapan/public_html/um/index.php (13)
2010/08/29 23:56:36 [warning] [application] Failed to set unsafe attribute "gender_id".
in /home/werapan/public_html/um/protected/controllers/UsersController.php (131)
in /home/werapan/public_html/um/protected/controllers/UsersController.php (47)
in /home/werapan/public_html/um/index.php (13)
2010/08/29 23:56:36 [warning] [application] Failed to set unsafe attribute "title_id".
in /home/werapan/public_html/um/protected/controllers/UsersController.php (131)
in /home/werapan/public_html/um/protected/controllers/UsersController.php (47)
in /home/werapan/public_html/um/index.php (13)
2010/08/29 23:56:46 [warning] [application] Failed to set unsafe attribute "gender_id".
in /home/werapan/public_html/um/protected/controllers/UsersController.php (131)
in /home/werapan/public_html/um/protected/controllers/UsersController.php (47)
in /home/werapan/public_html/um/index.php (13)
2010/08/29 23:56:46 [warning] [application] Failed to set unsafe attribute "title_id".
in /home/werapan/public_html/um/protected/controllers/UsersController.php (131)
in /home/werapan/public_html/um/protected/controllers/UsersController.php (47)
in /home/werapan/public_html/um/index.php (13)
2010/08/29 23:56:50 [warning] [application] Failed to set unsafe attribute "gender_id".
in /home/werapan/public_html/um/protected/controllers/UsersController.php (131)
in /home/werapan/public_html/um/protected/controllers/UsersController.php (47)
in /home/werapan/public_html/um/index.php (13)
2010/08/29 23:56:50 [warning] [application] Failed to set unsafe attribute "title_id".
in /home/werapan/public_html/um/protected/controllers/UsersController.php (131)
in /home/werapan/public_html/um/protected/controllers/UsersController.php (47)
in /home/werapan/public_html/um/index.php (13)
2010/08/29 23:56:54 [warning] [application] Failed to set unsafe attribute "gender_id".
in /home/werapan/public_html/um/protected/controllers/UsersController.php (131)
in /home/werapan/public_html/um/protected/controllers/UsersController.php (47)
in /home/werapan/public_html/um/index.php (13)
2010/08/29 23:56:54 [warning] [application] Failed to set unsafe attribute "title_id".
in /home/werapan/public_html/um/protected/controllers/UsersController.php (131)
in /home/werapan/public_html/um/protected/controllers/UsersController.php (47)
in /home/werapan/public_html/um/index.php (13)
2010/08/29 23:57:06 [warning] [application] Failed to set unsafe attribute "gender_id".
in /home/werapan/public_html/um/protected/controllers/UsersController.php (51)
in /home/werapan/public_html/um/index.php (13)
2010/08/29 23:57:06 [warning] [application] Failed to set unsafe attribute "title_id".
in /home/werapan/public_html/um/protected/controllers/UsersController.php (51)
in /home/werapan/public_html/um/index.php (13)
2010/08/29 23:57:06 [error] [system.db.CDbCommand] Error in executing SQL: INSERT INTO `users` (`username`, `password`, `name`, `surname`, `email`) VALUES (:yp0, :yp1, :yp2, :yp3, :yp4)
in /home/werapan/public_html/um/protected/controllers/UsersController.php (54)
in /home/werapan/public_html/um/index.php (13)
2010/08/29 23:57:06 [error] [exception.CDbException] exception 'CDbException' with message 'CDbCommand failed to execute the SQL statement: SQLSTATE[23000]: Integrity constraint violation: 1452 Cannot add or update a child row: a foreign key constraint fails (`um`.`users`, CONSTRAINT `fk_users_gender1` FOREIGN KEY (`gender_id`) REFERENCES `gender` (`id`) ON DELETE NO ACTION ON UPDATE NO ACTION)' in /home/werapan/public_html/appfw/framework/db/CDbCommand.php:228
Stack trace:
#0 /home/werapan/public_html/appfw/framework/db/ar/CActiveRecord.php(965): CDbCommand->execute()
#1 /home/werapan/public_html/appfw/framework/db/ar/CActiveRecord.php(724): CActiveRecord->insert(NULL)
#2 /home/werapan/public_html/um/protected/controllers/UsersController.php(54): CActiveRecord->save()
#3 /home/werapan/public_html/appfw/framework/web/actions/CInlineAction.php(32): UsersController->actionCreate()
#4 /home/werapan/public_html/appfw/framework/web/CController.php(300): CInlineAction->run()
#5 /home/werapan/public_html/appfw/framework/web/filters/CFilterChain.php(129): CController->runAction(Object(CInlineAction))
#6 /home/werapan/public_html/appfw/framework/web/filters/CFilter.php(41): CFilterChain->run()
#7 /home/werapan/public_html/appfw/framework/web/CController.php(1049): CFilter->filter(Object(CFilterChain))
#8 /home/werapan/public_html/appfw/framework/web/filters/CInlineFilter.php(59): CController->filterAccessControl(Object(CFilterChain))
#9 /home/werapan/public_html/appfw/framework/web/filters/CFilterChain.php(126): CInlineFilter->filter(Object(CFilterChain))
#10 /home/werapan/public_html/appfw/framework/web/CController.php(283): CFilterChain->run()
#11 /home/werapan/public_html/appfw/framework/web/CController.php(257): CController->runActionWithFilters(Object(CInlineAction), Array)
#12 /home/werapan/public_html/appfw/framework/web/CWebApplication.php(324): CController->run('create')
#13 /home/werapan/public_html/appfw/framework/web/CWebApplication.php(121): CWebApplication->runController('users/create')
#14 /home/werapan/public_html/appfw/framework/base/CApplication.php(135): CWebApplication->processRequest()
#15 /home/werapan/public_html/um/index.php(13): CApplication->run()
#16 {main} REQUEST_URI=/um/index.php?r=users/create
2010/08/29 23:58:14 [warning] [application] Failed to set unsafe attribute "gender_id".
in /home/werapan/public_html/um/protected/controllers/UsersController.php (131)
in /home/werapan/public_html/um/protected/controllers/UsersController.php (47)
in /home/werapan/public_html/um/index.php (13)
2010/08/29 23:58:14 [warning] [application] Failed to set unsafe attribute "title_id".
in /home/werapan/public_html/um/protected/controllers/UsersController.php (131)
in /home/werapan/public_html/um/protected/controllers/UsersController.php (47)
in /home/werapan/public_html/um/index.php (13)
2010/08/29 23:58:18 [warning] [application] Failed to set unsafe attribute "gender_id".
in /home/werapan/public_html/um/protected/controllers/UsersController.php (131)
in /home/werapan/public_html/um/protected/controllers/UsersController.php (47)
in /home/werapan/public_html/um/index.php (13)
2010/08/29 23:58:18 [warning] [application] Failed to set unsafe attribute "title_id".
in /home/werapan/public_html/um/protected/controllers/UsersController.php (131)
in /home/werapan/public_html/um/protected/controllers/UsersController.php (47)
in /home/werapan/public_html/um/index.php (13)
2010/08/29 23:58:19 [warning] [application] Failed to set unsafe attribute "gender_id".
in /home/werapan/public_html/um/protected/controllers/UsersController.php (131)
in /home/werapan/public_html/um/protected/controllers/UsersController.php (47)
in /home/werapan/public_html/um/index.php (13)
2010/08/29 23:58:19 [warning] [application] Failed to set unsafe attribute "title_id".
in /home/werapan/public_html/um/protected/controllers/UsersController.php (131)
in /home/werapan/public_html/um/protected/controllers/UsersController.php (47)
in /home/werapan/public_html/um/index.php (13)
2010/08/29 23:58:20 [warning] [application] Failed to set unsafe attribute "gender_id".
in /home/werapan/public_html/um/protected/controllers/UsersController.php (131)
in /home/werapan/public_html/um/protected/controllers/UsersController.php (47)
in /home/werapan/public_html/um/index.php (13)
2010/08/29 23:58:20 [warning] [application] Failed to set unsafe attribute "title_id".
in /home/werapan/public_html/um/protected/controllers/UsersController.php (131)
in /home/werapan/public_html/um/protected/controllers/UsersController.php (47)
in /home/werapan/public_html/um/index.php (13)
2010/08/29 23:58:23 [warning] [application] Failed to set unsafe attribute "gender_id".
in /home/werapan/public_html/um/protected/controllers/UsersController.php (131)
in /home/werapan/public_html/um/protected/controllers/UsersController.php (47)
in /home/werapan/public_html/um/index.php (13)
2010/08/29 23:58:23 [warning] [application] Failed to set unsafe attribute "title_id".
in /home/werapan/public_html/um/protected/controllers/UsersController.php (131)
in /home/werapan/public_html/um/protected/controllers/UsersController.php (47)
in /home/werapan/public_html/um/index.php (13)
2010/08/29 23:58:25 [warning] [application] Failed to set unsafe attribute "gender_id".
in /home/werapan/public_html/um/protected/controllers/UsersController.php (131)
in /home/werapan/public_html/um/protected/controllers/UsersController.php (47)
in /home/werapan/public_html/um/index.php (13)
2010/08/29 23:58:25 [warning] [application] Failed to set unsafe attribute "title_id".
in /home/werapan/public_html/um/protected/controllers/UsersController.php (131)
in /home/werapan/public_html/um/protected/controllers/UsersController.php (47)
in /home/werapan/public_html/um/index.php (13)
2010/08/29 23:58:29 [warning] [application] Failed to set unsafe attribute "gender_id".
in /home/werapan/public_html/um/protected/controllers/UsersController.php (131)
in /home/werapan/public_html/um/protected/controllers/UsersController.php (47)
in /home/werapan/public_html/um/index.php (13)
2010/08/29 23:58:29 [warning] [application] Failed to set unsafe attribute "title_id".
in /home/werapan/public_html/um/protected/controllers/UsersController.php (131)
in /home/werapan/public_html/um/protected/controllers/UsersController.php (47)
in /home/werapan/public_html/um/index.php (13)
2010/08/29 23:58:30 [warning] [application] Failed to set unsafe attribute "gender_id".
in /home/werapan/public_html/um/protected/controllers/UsersController.php (51)
in /home/werapan/public_html/um/index.php (13)
2010/08/29 23:58:30 [warning] [application] Failed to set unsafe attribute "title_id".
in /home/werapan/public_html/um/protected/controllers/UsersController.php (51)
in /home/werapan/public_html/um/index.php (13)
2010/08/29 23:58:30 [error] [system.db.CDbCommand] Error in executing SQL: INSERT INTO `users` (`username`, `password`, `name`, `surname`, `email`) VALUES (:yp0, :yp1, :yp2, :yp3, :yp4)
in /home/werapan/public_html/um/protected/controllers/UsersController.php (54)
in /home/werapan/public_html/um/index.php (13)
2010/08/29 23:58:30 [error] [exception.CDbException] exception 'CDbException' with message 'CDbCommand failed to execute the SQL statement: SQLSTATE[23000]: Integrity constraint violation: 1452 Cannot add or update a child row: a foreign key constraint fails (`um`.`users`, CONSTRAINT `fk_users_gender1` FOREIGN KEY (`gender_id`) REFERENCES `gender` (`id`) ON DELETE NO ACTION ON UPDATE NO ACTION)' in /home/werapan/public_html/appfw/framework/db/CDbCommand.php:228
Stack trace:
#0 /home/werapan/public_html/appfw/framework/db/ar/CActiveRecord.php(965): CDbCommand->execute()
#1 /home/werapan/public_html/appfw/framework/db/ar/CActiveRecord.php(724): CActiveRecord->insert(NULL)
#2 /home/werapan/public_html/um/protected/controllers/UsersController.php(54): CActiveRecord->save()
#3 /home/werapan/public_html/appfw/framework/web/actions/CInlineAction.php(32): UsersController->actionCreate()
#4 /home/werapan/public_html/appfw/framework/web/CController.php(300): CInlineAction->run()
#5 /home/werapan/public_html/appfw/framework/web/filters/CFilterChain.php(129): CController->runAction(Object(CInlineAction))
#6 /home/werapan/public_html/appfw/framework/web/filters/CFilter.php(41): CFilterChain->run()
#7 /home/werapan/public_html/appfw/framework/web/CController.php(1049): CFilter->filter(Object(CFilterChain))
#8 /home/werapan/public_html/appfw/framework/web/filters/CInlineFilter.php(59): CController->filterAccessControl(Object(CFilterChain))
#9 /home/werapan/public_html/appfw/framework/web/filters/CFilterChain.php(126): CInlineFilter->filter(Object(CFilterChain))
#10 /home/werapan/public_html/appfw/framework/web/CController.php(283): CFilterChain->run()
#11 /home/werapan/public_html/appfw/framework/web/CController.php(257): CController->runActionWithFilters(Object(CInlineAction), Array)
#12 /home/werapan/public_html/appfw/framework/web/CWebApplication.php(324): CController->run('create')
#13 /home/werapan/public_html/appfw/framework/web/CWebApplication.php(121): CWebApplication->runController('users/create')
#14 /home/werapan/public_html/appfw/framework/base/CApplication.php(135): CWebApplication->processRequest()
#15 /home/werapan/public_html/um/index.php(13): CApplication->run()
#16 {main} REQUEST_URI=/um/index.php?r=users/create
2010/08/30 00:01:07 [warning] [application] Failed to set unsafe attribute "gender_id".
in /home/werapan/public_html/um/protected/controllers/UsersController.php (51)
in /home/werapan/public_html/um/index.php (13)
2010/08/30 00:01:07 [warning] [application] Failed to set unsafe attribute "title_id".
in /home/werapan/public_html/um/protected/controllers/UsersController.php (51)
in /home/werapan/public_html/um/index.php (13)
2010/08/30 00:01:07 [error] [system.db.CDbCommand] Error in executing SQL: INSERT INTO `users` (`username`, `password`, `name`, `surname`, `email`) VALUES (:yp0, :yp1, :yp2, :yp3, :yp4)
in /home/werapan/public_html/um/protected/controllers/UsersController.php (54)
in /home/werapan/public_html/um/index.php (13)
2010/08/30 00:01:07 [error] [exception.CDbException] exception 'CDbException' with message 'CDbCommand failed to execute the SQL statement: SQLSTATE[23000]: Integrity constraint violation: 1452 Cannot add or update a child row: a foreign key constraint fails (`um`.`users`, CONSTRAINT `users_ibfk_1` FOREIGN KEY (`gender_id`) REFERENCES `gender` (`id`) ON DELETE CASCADE ON UPDATE CASCADE)' in /home/werapan/public_html/appfw/framework/db/CDbCommand.php:228
Stack trace:
#0 /home/werapan/public_html/appfw/framework/db/ar/CActiveRecord.php(965): CDbCommand->execute()
#1 /home/werapan/public_html/appfw/framework/db/ar/CActiveRecord.php(724): CActiveRecord->insert(NULL)
#2 /home/werapan/public_html/um/protected/controllers/UsersController.php(54): CActiveRecord->save()
#3 /home/werapan/public_html/appfw/framework/web/actions/CInlineAction.php(32): UsersController->actionCreate()
#4 /home/werapan/public_html/appfw/framework/web/CController.php(300): CInlineAction->run()
#5 /home/werapan/public_html/appfw/framework/web/filters/CFilterChain.php(129): CController->runAction(Object(CInlineAction))
#6 /home/werapan/public_html/appfw/framework/web/filters/CFilter.php(41): CFilterChain->run()
#7 /home/werapan/public_html/appfw/framework/web/CController.php(1049): CFilter->filter(Object(CFilterChain))
#8 /home/werapan/public_html/appfw/framework/web/filters/CInlineFilter.php(59): CController->filterAccessControl(Object(CFilterChain))
#9 /home/werapan/public_html/appfw/framework/web/filters/CFilterChain.php(126): CInlineFilter->filter(Object(CFilterChain))
#10 /home/werapan/public_html/appfw/framework/web/CController.php(283): CFilterChain->run()
#11 /home/werapan/public_html/appfw/framework/web/CController.php(257): CController->runActionWithFilters(Object(CInlineAction), Array)
#12 /home/werapan/public_html/appfw/framework/web/CWebApplication.php(324): CController->run('create')
#13 /home/werapan/public_html/appfw/framework/web/CWebApplication.php(121): CWebApplication->runController('users/create')
#14 /home/werapan/public_html/appfw/framework/base/CApplication.php(135): CWebApplication->processRequest()
#15 /home/werapan/public_html/um/index.php(13): CApplication->run()
#16 {main} REQUEST_URI=/um/index.php?r=users/create
2010/09/01 09:03:56 [error] [exception.CHttpException.404] exception 'CHttpException' with message 'Unable to resolve the request "user".' in /home/werapan/public_html/appfw/framework/web/CWebApplication.php:328
Stack trace:
#0 /home/werapan/public_html/appfw/framework/web/CWebApplication.php(121): CWebApplication->runController('user')
#1 /home/werapan/public_html/appfw/framework/base/CApplication.php(135): CWebApplication->processRequest()
#2 /home/werapan/public_html/um/index.php(13): CApplication->run()
#3 {main} REQUEST_URI=/um/index.php?r=user
2010/09/01 09:31:12 [error] [php] Use of undefined constant SALT_LENGTH - assumed 'SALT_LENGTH' (/home/werapan/public_html/um/protected/models/Users.php:89)
Stack trace:
#0 /home/werapan/public_html/appfw/framework/web/CController.php(300): CInlineAction->run()
#1 /home/werapan/public_html/appfw/framework/web/filters/CFilterChain.php(129): UsersController->runAction()
#2 /home/werapan/public_html/appfw/framework/web/filters/CFilter.php(41): CFilterChain->run()
#3 /home/werapan/public_html/appfw/framework/web/CController.php(1049): CAccessControlFilter->filter()
#4 /home/werapan/public_html/appfw/framework/web/filters/CInlineFilter.php(59): UsersController->filterAccessControl()
#5 /home/werapan/public_html/appfw/framework/web/filters/CFilterChain.php(126): CInlineFilter->filter()
#6 /home/werapan/public_html/appfw/framework/web/CController.php(283): CFilterChain->run()
#7 /home/werapan/public_html/appfw/framework/web/CController.php(257): UsersController->runActionWithFilters()
#8 /home/werapan/public_html/appfw/framework/web/CWebApplication.php(324): UsersController->run()
#9 /home/werapan/public_html/appfw/framework/web/CWebApplication.php(121): CWebApplication->runController()
#10 /home/werapan/public_html/appfw/framework/base/CApplication.php(135): CWebApplication->processRequest()
#11 /home/werapan/public_html/um/index.php(13): CWebApplication->run()
REQUEST_URI=/um/index.php?r=users/update&id=1
in /home/werapan/public_html/um/protected/models/Users.php (89)
in /home/werapan/public_html/um/protected/controllers/UsersController.php (67)
in /home/werapan/public_html/um/index.php (13)
2010/09/01 09:33:11 [error] [php] Use of undefined constant SALT_LENGTH - assumed 'SALT_LENGTH' (/home/werapan/public_html/um/protected/models/Users.php:89)
Stack trace:
#0 /home/werapan/public_html/appfw/framework/web/CController.php(300): CInlineAction->run()
#1 /home/werapan/public_html/appfw/framework/web/filters/CFilterChain.php(129): UsersController->runAction()
#2 /home/werapan/public_html/appfw/framework/web/filters/CFilter.php(41): CFilterChain->run()
#3 /home/werapan/public_html/appfw/framework/web/CController.php(1049): CAccessControlFilter->filter()
#4 /home/werapan/public_html/appfw/framework/web/filters/CInlineFilter.php(59): UsersController->filterAccessControl()
#5 /home/werapan/public_html/appfw/framework/web/filters/CFilterChain.php(126): CInlineFilter->filter()
#6 /home/werapan/public_html/appfw/framework/web/CController.php(283): CFilterChain->run()
#7 /home/werapan/public_html/appfw/framework/web/CController.php(257): UsersController->runActionWithFilters()
#8 /home/werapan/public_html/appfw/framework/web/CWebApplication.php(324): UsersController->run()
#9 /home/werapan/public_html/appfw/framework/web/CWebApplication.php(121): CWebApplication->runController()
#10 /home/werapan/public_html/appfw/framework/base/CApplication.php(135): CWebApplication->processRequest()
#11 /home/werapan/public_html/um/index.php(13): CWebApplication->run()
REQUEST_URI=/um/index.php?r=users/update&id=1
in /home/werapan/public_html/um/protected/models/Users.php (89)
in /home/werapan/public_html/um/protected/controllers/UsersController.php (67)
in /home/werapan/public_html/um/index.php (13)
2010/09/01 11:54:22 [error] [exception.CException] exception 'CException' with message 'Property "UserIdentity._id" is not defined.' in /home/werapan/public_html/appfw/framework/base/CComponent.php:173
Stack trace:
#0 /home/werapan/public_html/um/protected/components/UserIdentity.php(41): CComponent->__set('_id', '1')
#1 /home/werapan/public_html/um/protected/models/LoginForm.php(50): UserIdentity->authenticate()
#2 /home/werapan/public_html/appfw/framework/validators/CInlineValidator.php(39): LoginForm->authenticate('password', Array)
#3 /home/werapan/public_html/appfw/framework/validators/CValidator.php(178): CInlineValidator->validateAttribute(Object(LoginForm), 'password')
#4 /home/werapan/public_html/appfw/framework/base/CModel.php(150): CValidator->validate(Object(LoginForm), NULL)
#5 /home/werapan/public_html/um/protected/controllers/SiteController.php(88): CModel->validate()
#6 /home/werapan/public_html/appfw/framework/web/actions/CInlineAction.php(32): SiteController->actionLogin()
#7 /home/werapan/public_html/appfw/framework/web/CController.php(300): CInlineAction->run()
#8 /home/werapan/public_html/appfw/framework/web/CController.php(278): CController->runAction(Object(CInlineAction))
#9 /home/werapan/public_html/appfw/framework/web/CController.php(257): CController->runActionWithFilters(Object(CInlineAction), Array)
#10 /home/werapan/public_html/appfw/framework/web/CWebApplication.php(324): CController->run('login')
#11 /home/werapan/public_html/appfw/framework/web/CWebApplication.php(121): CWebApplication->runController('site/login')
#12 /home/werapan/public_html/appfw/framework/base/CApplication.php(135): CWebApplication->processRequest()
#13 /home/werapan/public_html/um/index.php(13): CApplication->run()
#14 {main} REQUEST_URI=/um/index.php?r=site/login
2010/09/01 11:54:43 [error] [exception.CException] exception 'CException' with message 'Property "UserIdentity.id" is read only.' in /home/werapan/public_html/appfw/framework/base/CComponent.php:170
Stack trace:
#0 /home/werapan/public_html/um/protected/components/UserIdentity.php(41): CComponent->__set('id', '1')
#1 /home/werapan/public_html/um/protected/models/LoginForm.php(50): UserIdentity->authenticate()
#2 /home/werapan/public_html/appfw/framework/validators/CInlineValidator.php(39): LoginForm->authenticate('password', Array)
#3 /home/werapan/public_html/appfw/framework/validators/CValidator.php(178): CInlineValidator->validateAttribute(Object(LoginForm), 'password')
#4 /home/werapan/public_html/appfw/framework/base/CModel.php(150): CValidator->validate(Object(LoginForm), NULL)
#5 /home/werapan/public_html/um/protected/controllers/SiteController.php(88): CModel->validate()
#6 /home/werapan/public_html/appfw/framework/web/actions/CInlineAction.php(32): SiteController->actionLogin()
#7 /home/werapan/public_html/appfw/framework/web/CController.php(300): CInlineAction->run()
#8 /home/werapan/public_html/appfw/framework/web/CController.php(278): CController->runAction(Object(CInlineAction))
#9 /home/werapan/public_html/appfw/framework/web/CController.php(257): CController->runActionWithFilters(Object(CInlineAction), Array)
#10 /home/werapan/public_html/appfw/framework/web/CWebApplication.php(324): CController->run('login')
#11 /home/werapan/public_html/appfw/framework/web/CWebApplication.php(121): CWebApplication->runController('site/login')
#12 /home/werapan/public_html/appfw/framework/base/CApplication.php(135): CWebApplication->processRequest()
#13 /home/werapan/public_html/um/index.php(13): CApplication->run()
#14 {main} REQUEST_URI=/um/index.php?r=site/login
2010/09/01 11:55:36 [error] [exception.CHttpException.403] exception 'CHttpException' with message 'You are not authorized to perform this action.' in /home/werapan/public_html/appfw/framework/web/auth/CAccessControlFilter.php:153
Stack trace:
#0 /home/werapan/public_html/appfw/framework/web/auth/CAccessControlFilter.php(115): CAccessControlFilter->accessDenied(Object(CWebUser), 'You are not aut...')
#1 /home/werapan/public_html/appfw/framework/web/filters/CFilter.php(39): CAccessControlFilter->preFilter(Object(CFilterChain))
#2 /home/werapan/public_html/appfw/framework/web/CController.php(1049): CFilter->filter(Object(CFilterChain))
#3 /home/werapan/public_html/appfw/framework/web/filters/CInlineFilter.php(59): CController->filterAccessControl(Object(CFilterChain))
#4 /home/werapan/public_html/appfw/framework/web/filters/CFilterChain.php(126): CInlineFilter->filter(Object(CFilterChain))
#5 /home/werapan/public_html/appfw/framework/web/CController.php(283): CFilterChain->run()
#6 /home/werapan/public_html/appfw/framework/web/CController.php(257): CController->runActionWithFilters(Object(CInlineAction), Array)
#7 /home/werapan/public_html/appfw/framework/web/CWebApplication.php(324): CController->run('admin')
#8 /home/werapan/public_html/appfw/framework/web/CWebApplication.php(121): CWebApplication->runController('users/admin')
#9 /home/werapan/public_html/appfw/framework/base/CApplication.php(135): CWebApplication->processRequest()
#10 /home/werapan/public_html/um/index.php(13): CApplication->run()
#11 {main} REQUEST_URI=/um/index.php?r=users/admin
2010/09/01 11:55:52 [error] [exception.CHttpException.403] exception 'CHttpException' with message 'You are not authorized to perform this action.' in /home/werapan/public_html/appfw/framework/web/auth/CAccessControlFilter.php:153
Stack trace:
#0 /home/werapan/public_html/appfw/framework/web/auth/CAccessControlFilter.php(115): CAccessControlFilter->accessDenied(Object(CWebUser), 'You are not aut...')
#1 /home/werapan/public_html/appfw/framework/web/filters/CFilter.php(39): CAccessControlFilter->preFilter(Object(CFilterChain))
#2 /home/werapan/public_html/appfw/framework/web/CController.php(1049): CFilter->filter(Object(CFilterChain))
#3 /home/werapan/public_html/appfw/framework/web/filters/CInlineFilter.php(59): CController->filterAccessControl(Object(CFilterChain))
#4 /home/werapan/public_html/appfw/framework/web/filters/CFilterChain.php(126): CInlineFilter->filter(Object(CFilterChain))
#5 /home/werapan/public_html/appfw/framework/web/CController.php(283): CFilterChain->run()
#6 /home/werapan/public_html/appfw/framework/web/CController.php(257): CController->runActionWithFilters(Object(CInlineAction), Array)
#7 /home/werapan/public_html/appfw/framework/web/CWebApplication.php(324): CController->run('admin')
#8 /home/werapan/public_html/appfw/framework/web/CWebApplication.php(121): CWebApplication->runController('users/admin')
#9 /home/werapan/public_html/appfw/framework/base/CApplication.php(135): CWebApplication->processRequest()
#10 /home/werapan/public_html/um/index.php(13): CApplication->run()
#11 {main} REQUEST_URI=/um/index.php?r=users/admin
2010/09/01 11:55:53 [error] [exception.CHttpException.403] exception 'CHttpException' with message 'You are not authorized to perform this action.' in /home/werapan/public_html/appfw/framework/web/auth/CAccessControlFilter.php:153
Stack trace:
#0 /home/werapan/public_html/appfw/framework/web/auth/CAccessControlFilter.php(115): CAccessControlFilter->accessDenied(Object(CWebUser), 'You are not aut...')
#1 /home/werapan/public_html/appfw/framework/web/filters/CFilter.php(39): CAccessControlFilter->preFilter(Object(CFilterChain))
#2 /home/werapan/public_html/appfw/framework/web/CController.php(1049): CFilter->filter(Object(CFilterChain))
#3 /home/werapan/public_html/appfw/framework/web/filters/CInlineFilter.php(59): CController->filterAccessControl(Object(CFilterChain))
#4 /home/werapan/public_html/appfw/framework/web/filters/CFilterChain.php(126): CInlineFilter->filter(Object(CFilterChain))
#5 /home/werapan/public_html/appfw/framework/web/CController.php(283): CFilterChain->run()
#6 /home/werapan/public_html/appfw/framework/web/CController.php(257): CController->runActionWithFilters(Object(CInlineAction), Array)
#7 /home/werapan/public_html/appfw/framework/web/CWebApplication.php(324): CController->run('admin')
#8 /home/werapan/public_html/appfw/framework/web/CWebApplication.php(121): CWebApplication->runController('users/admin')
#9 /home/werapan/public_html/appfw/framework/base/CApplication.php(135): CWebApplication->processRequest()
#10 /home/werapan/public_html/um/index.php(13): CApplication->run()
#11 {main} REQUEST_URI=/um/index.php?r=users/admin
2010/09/01 11:55:55 [error] [exception.CHttpException.403] exception 'CHttpException' with message 'You are not authorized to perform this action.' in /home/werapan/public_html/appfw/framework/web/auth/CAccessControlFilter.php:153
Stack trace:
#0 /home/werapan/public_html/appfw/framework/web/auth/CAccessControlFilter.php(115): CAccessControlFilter->accessDenied(Object(CWebUser), 'You are not aut...')
#1 /home/werapan/public_html/appfw/framework/web/filters/CFilter.php(39): CAccessControlFilter->preFilter(Object(CFilterChain))
#2 /home/werapan/public_html/appfw/framework/web/CController.php(1049): CFilter->filter(Object(CFilterChain))
#3 /home/werapan/public_html/appfw/framework/web/filters/CInlineFilter.php(59): CController->filterAccessControl(Object(CFilterChain))
#4 /home/werapan/public_html/appfw/framework/web/filters/CFilterChain.php(126): CInlineFilter->filter(Object(CFilterChain))
#5 /home/werapan/public_html/appfw/framework/web/CController.php(283): CFilterChain->run()
#6 /home/werapan/public_html/appfw/framework/web/CController.php(257): CController->runActionWithFilters(Object(CInlineAction), Array)
#7 /home/werapan/public_html/appfw/framework/web/CWebApplication.php(324): CController->run('admin')
#8 /home/werapan/public_html/appfw/framework/web/CWebApplication.php(121): CWebApplication->runController('users/admin')
#9 /home/werapan/public_html/appfw/framework/base/CApplication.php(135): CWebApplication->processRequest()
#10 /home/werapan/public_html/um/index.php(13): CApplication->run()
#11 {main} REQUEST_URI=/um/index.php?r=users/admin
2010/09/28 15:02:03 [error] [exception.CException] exception 'CException' with message 'CAssetManager.basePath "/var/www/webgrader/manageprob/assets" is invalid. Please make sure the directory exists and is writable by the Web server process.' in /var/www/webgrader/appfw/framework/web/CAssetManager.php:82
Stack trace:
#0 /var/www/webgrader/appfw/framework/web/CAssetManager.php(59): CAssetManager->setBasePath('/var/www/webgra...')
#1 /var/www/webgrader/appfw/framework/base/CModule.php(363): CAssetManager->init()
#2 /var/www/webgrader/appfw/framework/web/CWebApplication.php(173): CModule->getComponent('assetManager')
#3 /var/www/webgrader/appfw/framework/gii/GiiModule.php(136): CWebApplication->getAssetManager()
#4 /var/www/webgrader/appfw/framework/base/CComponent.php(112): GiiModule->getAssetsUrl()
#5 /var/www/webgrader/appfw/framework/base/CModule.php(88): CComponent->__get('assetsUrl')
#6 /var/www/webgrader/appfw/framework/gii/views/layouts/main.php(3): CModule->__get('assetsUrl')
#7 /var/www/webgrader/appfw/framework/web/CBaseController.php(119): require('/var/www/webgra...')
#8 /var/www/webgrader/appfw/framework/web/CBaseController.php(88): CBaseController->renderInternal('/var/www/webgra...', Array, true)
#9 /var/www/webgrader/appfw/framework/web/widgets/CContentDecorator.php(78): CBaseController->renderFile('/var/www/webgra...', Array, true)
#10 /var/www/webgrader/appfw/framework/web/widgets/CContentDecorator.php(56): CContentDecorator->decorate('<div class="con...')
#11 /var/www/webgrader/appfw/framework/web/widgets/COutputProcessor.php(45): CContentDecorator->processOutput('<div class="con...')
#12 /var/www/webgrader/appfw/framework/web/CBaseController.php(199): COutputProcessor->run()
#13 /var/www/webgrader/appfw/framework/web/CBaseController.php(294): CBaseController->endWidget('CContentDecorat...')
#14 /var/www/webgrader/appfw/framework/gii/views/layouts/column1.php(7): CBaseController->endContent()
#15 /var/www/webgrader/appfw/framework/web/CBaseController.php(119): require('/var/www/webgra...')
#16 /var/www/webgrader/appfw/framework/web/CBaseController.php(88): CBaseController->renderInternal('/var/www/webgra...', Array, true)
#17 /var/www/webgrader/appfw/framework/web/CController.php(741): CBaseController->renderFile('/var/www/webgra...', Array, true)
#18 /var/www/webgrader/appfw/framework/gii/controllers/DefaultController.php(47): CController->render('login', Array)
#19 /var/www/webgrader/appfw/framework/web/actions/CInlineAction.php(32): DefaultController->actionLogin()
#20 /var/www/webgrader/appfw/framework/web/CController.php(300): CInlineAction->run()
#21 /var/www/webgrader/appfw/framework/web/CController.php(278): CController->runAction(Object(CInlineAction))
#22 /var/www/webgrader/appfw/framework/web/CController.php(257): CController->runActionWithFilters(Object(CInlineAction), Array)
#23 /var/www/webgrader/appfw/framework/web/CWebApplication.php(324): CController->run('login')
#24 /var/www/webgrader/appfw/framework/web/CWebApplication.php(121): CWebApplication->runController('gii/default/log...')
#25 /var/www/webgrader/appfw/framework/base/CApplication.php(135): CWebApplication->processRequest()
#26 /var/www/webgrader/manageprob/index.php(13): CApplication->run()
#27 {main} REQUEST_URI=/manageprob/index.php?r=gii/default/login
2010/09/28 15:33:06 [error] [system.db.CDbCommand] Error in querying SQL: SHOW COLUMNS FROM `users`
in /var/www/webgrader/manageprob/protected/models/Users.php (6)
in /var/www/webgrader/manageprob/protected/components/UserIdentity.php (35)
in /var/www/webgrader/manageprob/protected/models/LoginForm.php (50)
2010/09/28 15:33:06 [error] [exception.CDbException] exception 'CDbException' with message 'The table "users" for active record class "Users" cannot be found in the database.' in /var/www/webgrader/appfw/framework/db/ar/CActiveRecord.php:2049
Stack trace:
#0 /var/www/webgrader/appfw/framework/db/ar/CActiveRecord.php(353): CActiveRecordMetaData->__construct(Object(Users))
#1 /var/www/webgrader/manageprob/protected/models/Users.php(6): CActiveRecord::model('Users')
#2 /var/www/webgrader/manageprob/protected/components/UserIdentity.php(35): Users::model()
#3 /var/www/webgrader/manageprob/protected/models/LoginForm.php(50): UserIdentity->authenticate()
#4 /var/www/webgrader/appfw/framework/validators/CInlineValidator.php(39): LoginForm->authenticate('password', Array)
#5 /var/www/webgrader/appfw/framework/validators/CValidator.php(178): CInlineValidator->validateAttribute(Object(LoginForm), 'password')
#6 /var/www/webgrader/appfw/framework/base/CModel.php(150): CValidator->validate(Object(LoginForm), NULL)
#7 /var/www/webgrader/manageprob/protected/controllers/SiteController.php(88): CModel->validate()
#8 /var/www/webgrader/appfw/framework/web/actions/CInlineAction.php(32): SiteController->actionLogin()
#9 /var/www/webgrader/appfw/framework/web/CController.php(300): CInlineAction->run()
#10 /var/www/webgrader/appfw/framework/web/CController.php(278): CController->runAction(Object(CInlineAction))
#11 /var/www/webgrader/appfw/framework/web/CController.php(257): CController->runActionWithFilters(Object(CInlineAction), Array)
#12 /var/www/webgrader/appfw/framework/web/CWebApplication.php(324): CController->run('login')
#13 /var/www/webgrader/appfw/framework/web/CWebApplication.php(121): CWebApplication->runController('site/login')
#14 /var/www/webgrader/appfw/framework/base/CApplication.php(135): CWebApplication->processRequest()
#15 /var/www/webgrader/manageprob/index.php(13): CApplication->run()
#16 {main} REQUEST_URI=/manageprob/index.php?r=site/login
2010/09/28 15:51:52 [error] [exception.CException] exception 'CException' with message 'Property "UserInfo.username" is not defined.' in /var/www/webgrader/appfw/framework/base/CComponent.php:131
Stack trace:
#0 /var/www/webgrader/appfw/framework/db/ar/CActiveRecord.php(110): CComponent->__get('username')
#1 /var/www/webgrader/manageprob/protected/components/UserIdentity.php(42): CActiveRecord->__get('username')
#2 /var/www/webgrader/manageprob/protected/models/LoginForm.php(50): UserIdentity->authenticate()
#3 /var/www/webgrader/appfw/framework/validators/CInlineValidator.php(39): LoginForm->authenticate('password', Array)
#4 /var/www/webgrader/appfw/framework/validators/CValidator.php(178): CInlineValidator->validateAttribute(Object(LoginForm), 'password')
#5 /var/www/webgrader/appfw/framework/base/CModel.php(150): CValidator->validate(Object(LoginForm), NULL)
#6 /var/www/webgrader/manageprob/protected/controllers/SiteController.php(88): CModel->validate()
#7 /var/www/webgrader/appfw/framework/web/actions/CInlineAction.php(32): SiteController->actionLogin()
#8 /var/www/webgrader/appfw/framework/web/CController.php(300): CInlineAction->run()
#9 /var/www/webgrader/appfw/framework/web/CController.php(278): CController->runAction(Object(CInlineAction))
#10 /var/www/webgrader/appfw/framework/web/CController.php(257): CController->runActionWithFilters(Object(CInlineAction), Array)
#11 /var/www/webgrader/appfw/framework/web/CWebApplication.php(324): CController->run('login')
#12 /var/www/webgrader/appfw/framework/web/CWebApplication.php(121): CWebApplication->runController('site/login')
#13 /var/www/webgrader/appfw/framework/base/CApplication.php(135): CWebApplication->processRequest()
#14 /var/www/webgrader/manageprob/index.php(13): CApplication->run()
#15 {main} REQUEST_URI=/manageprob/index.php?r=site/login
2010/09/28 15:51:52 [error] [exception.CException] exception 'CException' with message 'Property "UserInfo.username" is not defined.' in /var/www/webgrader/appfw/framework/base/CComponent.php:131
Stack trace:
#0 /var/www/webgrader/appfw/framework/db/ar/CActiveRecord.php(110): CComponent->__get('username')
#1 /var/www/webgrader/manageprob/protected/components/UserIdentity.php(42): CActiveRecord->__get('username')
#2 /var/www/webgrader/manageprob/protected/models/LoginForm.php(50): UserIdentity->authenticate()
#3 /var/www/webgrader/appfw/framework/validators/CInlineValidator.php(39): LoginForm->authenticate('password', Array)
#4 /var/www/webgrader/appfw/framework/validators/CValidator.php(178): CInlineValidator->validateAttribute(Object(LoginForm), 'password')
#5 /var/www/webgrader/appfw/framework/base/CModel.php(150): CValidator->validate(Object(LoginForm), NULL)
#6 /var/www/webgrader/appfw/framework/web/widgets/CActiveForm.php(546): CModel->validate(NULL)
#7 /var/www/webgrader/manageprob/protected/controllers/SiteController.php(79): CActiveForm::validate(Object(LoginForm))
#8 /var/www/webgrader/appfw/framework/web/actions/CInlineAction.php(32): SiteController->actionLogin()
#9 /var/www/webgrader/appfw/framework/web/CController.php(300): CInlineAction->run()
#10 /var/www/webgrader/appfw/framework/web/CController.php(278): CController->runAction(Object(CInlineAction))
#11 /var/www/webgrader/appfw/framework/web/CController.php(257): CController->runActionWithFilters(Object(CInlineAction), Array)
#12 /var/www/webgrader/appfw/framework/web/CWebApplication.php(324): CController->run('login')
#13 /var/www/webgrader/appfw/framework/web/CWebApplication.php(121): CWebApplication->runController('site/login')
#14 /var/www/webgrader/appfw/framework/base/CApplication.php(135): CWebApplication->processRequest()
#15 /var/www/webgrader/manageprob/index.php(13): CApplication->run()
#16 {main} REQUEST_URI=/manageprob/index.php?r=site/login
2010/09/28 15:54:27 [error] [exception.CException] exception 'CException' with message 'Property "UserIdentity.id" is read only.' in /var/www/webgrader/appfw/framework/base/CComponent.php:170
Stack trace:
#0 /var/www/webgrader/manageprob/protected/components/UserIdentity.php(41): CComponent->__set('id', 'werapan')
#1 /var/www/webgrader/manageprob/protected/models/LoginForm.php(50): UserIdentity->authenticate()
#2 /var/www/webgrader/appfw/framework/validators/CInlineValidator.php(39): LoginForm->authenticate('password', Array)
#3 /var/www/webgrader/appfw/framework/validators/CValidator.php(178): CInlineValidator->validateAttribute(Object(LoginForm), 'password')
#4 /var/www/webgrader/appfw/framework/base/CModel.php(150): CValidator->validate(Object(LoginForm), NULL)
#5 /var/www/webgrader/manageprob/protected/controllers/SiteController.php(88): CModel->validate()
#6 /var/www/webgrader/appfw/framework/web/actions/CInlineAction.php(32): SiteController->actionLogin()
#7 /var/www/webgrader/appfw/framework/web/CController.php(300): CInlineAction->run()
#8 /var/www/webgrader/appfw/framework/web/CController.php(278): CController->runAction(Object(CInlineAction))
#9 /var/www/webgrader/appfw/framework/web/CController.php(257): CController->runActionWithFilters(Object(CInlineAction), Array)
#10 /var/www/webgrader/appfw/framework/web/CWebApplication.php(324): CController->run('login')
#11 /var/www/webgrader/appfw/framework/web/CWebApplication.php(121): CWebApplication->runController('site/login')
#12 /var/www/webgrader/appfw/framework/base/CApplication.php(135): CWebApplication->processRequest()
#13 /var/www/webgrader/manageprob/index.php(13): CApplication->run()
#14 {main} REQUEST_URI=/manageprob/index.php?r=site/login
2010/09/28 15:54:37 [error] [exception.CHttpException.403] exception 'CHttpException' with message 'You are not authorized to perform this action.' in /var/www/webgrader/appfw/framework/web/auth/CAccessControlFilter.php:153
Stack trace:
#0 /var/www/webgrader/appfw/framework/web/auth/CAccessControlFilter.php(115): CAccessControlFilter->accessDenied(Object(CWebUser), 'You are not aut...')
#1 /var/www/webgrader/appfw/framework/web/filters/CFilter.php(39): CAccessControlFilter->preFilter(Object(CFilterChain))
#2 /var/www/webgrader/appfw/framework/web/CController.php(1049): CFilter->filter(Object(CFilterChain))
#3 /var/www/webgrader/appfw/framework/web/filters/CInlineFilter.php(59): CController->filterAccessControl(Object(CFilterChain))
#4 /var/www/webgrader/appfw/framework/web/filters/CFilterChain.php(126): CInlineFilter->filter(Object(CFilterChain))
#5 /var/www/webgrader/appfw/framework/web/CController.php(283): CFilterChain->run()
#6 /var/www/webgrader/appfw/framework/web/CController.php(257): CController->runActionWithFilters(Object(CInlineAction), Array)
#7 /var/www/webgrader/appfw/framework/web/CWebApplication.php(324): CController->run('admin')
#8 /var/www/webgrader/appfw/framework/web/CWebApplication.php(121): CWebApplication->runController('lessonProb/admi...')
#9 /var/www/webgrader/appfw/framework/base/CApplication.php(135): CWebApplication->processRequest()
#10 /var/www/webgrader/manageprob/index.php(13): CApplication->run()
#11 {main} REQUEST_URI=/manageprob/index.php?r=lessonProb/admin
2010/09/28 15:58:16 [error] [exception.CHttpException.404] exception 'CHttpException' with message 'The system is unable to find the requested action "UserInfo".' in /var/www/webgrader/appfw/framework/web/CController.php:439
Stack trace:
#0 /var/www/webgrader/appfw/framework/web/CController.php(262): CController->missingAction('UserInfo')
#1 /var/www/webgrader/appfw/framework/web/CWebApplication.php(324): CController->run('UserInfo')
#2 /var/www/webgrader/appfw/framework/web/CWebApplication.php(121): CWebApplication->runController('site/UserInfo')
#3 /var/www/webgrader/appfw/framework/base/CApplication.php(135): CWebApplication->processRequest()
#4 /var/www/webgrader/manageprob/index.php(13): CApplication->run()
#5 {main} REQUEST_URI=/manageprob/index.php?r=site/UserInfo
2010/09/28 15:59:34 [error] [exception.CHttpException.404] exception 'CHttpException' with message 'The system is unable to find the requested action "UserInfo".' in /var/www/webgrader/appfw/framework/web/CController.php:439
Stack trace:
#0 /var/www/webgrader/appfw/framework/web/CController.php(262): CController->missingAction('UserInfo')
#1 /var/www/webgrader/appfw/framework/web/CWebApplication.php(324): CController->run('UserInfo')
#2 /var/www/webgrader/appfw/framework/web/CWebApplication.php(121): CWebApplication->runController('site/UserInfo')
#3 /var/www/webgrader/appfw/framework/base/CApplication.php(135): CWebApplication->processRequest()
#4 /var/www/webgrader/manageprob/index.php(13): CApplication->run()
#5 {main} REQUEST_URI=/manageprob/index.php?r=site/UserInfo
2010/09/28 15:59:35 [error] [exception.CHttpException.404] exception 'CHttpException' with message 'The system is unable to find the requested action "UserInfo".' in /var/www/webgrader/appfw/framework/web/CController.php:439
Stack trace:
#0 /var/www/webgrader/appfw/framework/web/CController.php(262): CController->missingAction('UserInfo')
#1 /var/www/webgrader/appfw/framework/web/CWebApplication.php(324): CController->run('UserInfo')
#2 /var/www/webgrader/appfw/framework/web/CWebApplication.php(121): CWebApplication->runController('site/UserInfo')
#3 /var/www/webgrader/appfw/framework/base/CApplication.php(135): CWebApplication->processRequest()
#4 /var/www/webgrader/manageprob/index.php(13): CApplication->run()
#5 {main} REQUEST_URI=/manageprob/index.php?r=site/UserInfo
2010/09/28 15:59:38 [error] [exception.CHttpException.403] exception 'CHttpException' with message 'You are not authorized to perform this action.' in /var/www/webgrader/appfw/framework/web/auth/CAccessControlFilter.php:153
Stack trace:
#0 /var/www/webgrader/appfw/framework/web/auth/CAccessControlFilter.php(115): CAccessControlFilter->accessDenied(Object(CWebUser), 'You are not aut...')
#1 /var/www/webgrader/appfw/framework/web/filters/CFilter.php(39): CAccessControlFilter->preFilter(Object(CFilterChain))
#2 /var/www/webgrader/appfw/framework/web/CController.php(1049): CFilter->filter(Object(CFilterChain))
#3 /var/www/webgrader/appfw/framework/web/filters/CInlineFilter.php(59): CController->filterAccessControl(Object(CFilterChain))
#4 /var/www/webgrader/appfw/framework/web/filters/CFilterChain.php(126): CInlineFilter->filter(Object(CFilterChain))
#5 /var/www/webgrader/appfw/framework/web/CController.php(283): CFilterChain->run()
#6 /var/www/webgrader/appfw/framework/web/CController.php(257): CController->runActionWithFilters(Object(CInlineAction), Array)
#7 /var/www/webgrader/appfw/framework/web/CWebApplication.php(324): CController->run('admin')
#8 /var/www/webgrader/appfw/framework/web/CWebApplication.php(121): CWebApplication->runController('userInfo/admin')
#9 /var/www/webgrader/appfw/framework/base/CApplication.php(135): CWebApplication->processRequest()
#10 /var/www/webgrader/manageprob/index.php(13): CApplication->run()
#11 {main} REQUEST_URI=/manageprob/index.php?r=userInfo/admin
2010/09/28 16:00:42 [error] [exception.CHttpException.403] exception 'CHttpException' with message 'You are not authorized to perform this action.' in /var/www/webgrader/appfw/framework/web/auth/CAccessControlFilter.php:153
Stack trace:
#0 /var/www/webgrader/appfw/framework/web/auth/CAccessControlFilter.php(115): CAccessControlFilter->accessDenied(Object(CWebUser), 'You are not aut...')
#1 /var/www/webgrader/appfw/framework/web/filters/CFilter.php(39): CAccessControlFilter->preFilter(Object(CFilterChain))
#2 /var/www/webgrader/appfw/framework/web/CController.php(1049): CFilter->filter(Object(CFilterChain))
#3 /var/www/webgrader/appfw/framework/web/filters/CInlineFilter.php(59): CController->filterAccessControl(Object(CFilterChain))
#4 /var/www/webgrader/appfw/framework/web/filters/CFilterChain.php(126): CInlineFilter->filter(Object(CFilterChain))
#5 /var/www/webgrader/appfw/framework/web/CController.php(283): CFilterChain->run()
#6 /var/www/webgrader/appfw/framework/web/CController.php(257): CController->runActionWithFilters(Object(CInlineAction), Array)
#7 /var/www/webgrader/appfw/framework/web/CWebApplication.php(324): CController->run('admin')
#8 /var/www/webgrader/appfw/framework/web/CWebApplication.php(121): CWebApplication->runController('userInfo/admin')
#9 /var/www/webgrader/appfw/framework/base/CApplication.php(135): CWebApplication->processRequest()
#10 /var/www/webgrader/manageprob/index.php(13): CApplication->run()
#11 {main} REQUEST_URI=/manageprob/index.php?r=userInfo/admin
2010/09/28 16:02:59 [error] [exception.CHttpException.403] exception 'CHttpException' with message 'You are not authorized to perform this action.' in /var/www/webgrader/appfw/framework/web/auth/CAccessControlFilter.php:153
Stack trace:
#0 /var/www/webgrader/appfw/framework/web/auth/CAccessControlFilter.php(115): CAccessControlFilter->accessDenied(Object(CWebUser), 'You are not aut...')
#1 /var/www/webgrader/appfw/framework/web/filters/CFilter.php(39): CAccessControlFilter->preFilter(Object(CFilterChain))
#2 /var/www/webgrader/appfw/framework/web/CController.php(1049): CFilter->filter(Object(CFilterChain))
#3 /var/www/webgrader/appfw/framework/web/filters/CInlineFilter.php(59): CController->filterAccessControl(Object(CFilterChain))
#4 /var/www/webgrader/appfw/framework/web/filters/CFilterChain.php(126): CInlineFilter->filter(Object(CFilterChain))
#5 /var/www/webgrader/appfw/framework/web/CController.php(283): CFilterChain->run()
#6 /var/www/webgrader/appfw/framework/web/CController.php(257): CController->runActionWithFilters(Object(CInlineAction), Array)
#7 /var/www/webgrader/appfw/framework/web/CWebApplication.php(324): CController->run('admin')
#8 /var/www/webgrader/appfw/framework/web/CWebApplication.php(121): CWebApplication->runController('userInfo/admin')
#9 /var/www/webgrader/appfw/framework/base/CApplication.php(135): CWebApplication->processRequest()
#10 /var/www/webgrader/manageprob/index.php(13): CApplication->run()
#11 {main} REQUEST_URI=/manageprob/index.php?r=userInfo/admin
2010/09/28 16:03:23 [error] [exception.CHttpException.403] exception 'CHttpException' with message 'You are not authorized to perform this action.' in /var/www/webgrader/appfw/framework/web/auth/CAccessControlFilter.php:153
Stack trace:
#0 /var/www/webgrader/appfw/framework/web/auth/CAccessControlFilter.php(115): CAccessControlFilter->accessDenied(Object(CWebUser), 'You are not aut...')
#1 /var/www/webgrader/appfw/framework/web/filters/CFilter.php(39): CAccessControlFilter->preFilter(Object(CFilterChain))
#2 /var/www/webgrader/appfw/framework/web/CController.php(1049): CFilter->filter(Object(CFilterChain))
#3 /var/www/webgrader/appfw/framework/web/filters/CInlineFilter.php(59): CController->filterAccessControl(Object(CFilterChain))
#4 /var/www/webgrader/appfw/framework/web/filters/CFilterChain.php(126): CInlineFilter->filter(Object(CFilterChain))
#5 /var/www/webgrader/appfw/framework/web/CController.php(283): CFilterChain->run()
#6 /var/www/webgrader/appfw/framework/web/CController.php(257): CController->runActionWithFilters(Object(CInlineAction), Array)
#7 /var/www/webgrader/appfw/framework/web/CWebApplication.php(324): CController->run('admin')
#8 /var/www/webgrader/appfw/framework/web/CWebApplication.php(121): CWebApplication->runController('userInfo/admin')
#9 /var/www/webgrader/appfw/framework/base/CApplication.php(135): CWebApplication->processRequest()
#10 /var/www/webgrader/manageprob/index.php(13): CApplication->run()
#11 {main} REQUEST_URI=/manageprob/index.php?r=userInfo/admin
2010/09/28 16:03:27 [error] [exception.CHttpException.403] exception 'CHttpException' with message 'You are not authorized to perform this action.' in /var/www/webgrader/appfw/framework/web/auth/CAccessControlFilter.php:153
Stack trace:
#0 /var/www/webgrader/appfw/framework/web/auth/CAccessControlFilter.php(115): CAccessControlFilter->accessDenied(Object(CWebUser), 'You are not aut...')
#1 /var/www/webgrader/appfw/framework/web/filters/CFilter.php(39): CAccessControlFilter->preFilter(Object(CFilterChain))
#2 /var/www/webgrader/appfw/framework/web/CController.php(1049): CFilter->filter(Object(CFilterChain))
#3 /var/www/webgrader/appfw/framework/web/filters/CInlineFilter.php(59): CController->filterAccessControl(Object(CFilterChain))
#4 /var/www/webgrader/appfw/framework/web/filters/CFilterChain.php(126): CInlineFilter->filter(Object(CFilterChain))
#5 /var/www/webgrader/appfw/framework/web/CController.php(283): CFilterChain->run()
#6 /var/www/webgrader/appfw/framework/web/CController.php(257): CController->runActionWithFilters(Object(CInlineAction), Array)
#7 /var/www/webgrader/appfw/framework/web/CWebApplication.php(324): CController->run('admin')
#8 /var/www/webgrader/appfw/framework/web/CWebApplication.php(121): CWebApplication->runController('userInfo/admin')
#9 /var/www/webgrader/appfw/framework/base/CApplication.php(135): CWebApplication->processRequest()
#10 /var/www/webgrader/manageprob/index.php(13): CApplication->run()
#11 {main} REQUEST_URI=/manageprob/index.php?r=userInfo/admin
2010/09/28 16:14:35 [error] [exception.CHttpException.403] exception 'CHttpException' with message 'You are not authorized to perform this action.' in /var/www/webgrader/appfw/framework/web/auth/CAccessControlFilter.php:153
Stack trace:
#0 /var/www/webgrader/appfw/framework/web/auth/CAccessControlFilter.php(115): CAccessControlFilter->accessDenied(Object(CWebUser), 'You are not aut...')
#1 /var/www/webgrader/appfw/framework/web/filters/CFilter.php(39): CAccessControlFilter->preFilter(Object(CFilterChain))
#2 /var/www/webgrader/appfw/framework/web/CController.php(1049): CFilter->filter(Object(CFilterChain))
#3 /var/www/webgrader/appfw/framework/web/filters/CInlineFilter.php(59): CController->filterAccessControl(Object(CFilterChain))
#4 /var/www/webgrader/appfw/framework/web/filters/CFilterChain.php(126): CInlineFilter->filter(Object(CFilterChain))
#5 /var/www/webgrader/appfw/framework/web/CController.php(283): CFilterChain->run()
#6 /var/www/webgrader/appfw/framework/web/CController.php(257): CController->runActionWithFilters(Object(CInlineAction), Array)
#7 /var/www/webgrader/appfw/framework/web/CWebApplication.php(324): CController->run('admin')
#8 /var/www/webgrader/appfw/framework/web/CWebApplication.php(121): CWebApplication->runController('probInfo/admin')
#9 /var/www/webgrader/appfw/framework/base/CApplication.php(135): CWebApplication->processRequest()
#10 /var/www/webgrader/manageprob/index.php(13): CApplication->run()
#11 {main} REQUEST_URI=/manageprob/index.php?r=probInfo/admin
2010/09/28 16:15:59 [error] [exception.CException] exception 'CException' with message 'Property "ProbInfo.id" is not defined.' in /var/www/webgrader/appfw/framework/base/CComponent.php:131
Stack trace:
#0 /var/www/webgrader/appfw/framework/db/ar/CActiveRecord.php(110): CComponent->__get('id')
#1 /var/www/webgrader/manageprob/protected/views/lessons/view.php(33): CActiveRecord->__get('id')
#2 /var/www/webgrader/appfw/framework/web/CBaseController.php(119): require('/var/www/webgra...')
#3 /var/www/webgrader/appfw/framework/web/CBaseController.php(88): CBaseController->renderInternal('/var/www/webgra...', Array, true)
#4 /var/www/webgrader/appfw/framework/web/CController.php(798): CBaseController->renderFile('/var/www/webgra...', Array, true)
#5 /var/www/webgrader/appfw/framework/web/CController.php(739): CController->renderPartial('view', Array, true)
#6 /var/www/webgrader/manageprob/protected/controllers/LessonsController.php(40): CController->render('view', Array)
#7 /var/www/webgrader/appfw/framework/web/actions/CInlineAction.php(32): LessonsController->actionView()
#8 /var/www/webgrader/appfw/framework/web/CController.php(300): CInlineAction->run()
#9 /var/www/webgrader/appfw/framework/web/filters/CFilterChain.php(129): CController->runAction(Object(CInlineAction))
#10 /var/www/webgrader/appfw/framework/web/filters/CFilter.php(41): CFilterChain->run()
#11 /var/www/webgrader/appfw/framework/web/CController.php(1049): CFilter->filter(Object(CFilterChain))
#12 /var/www/webgrader/appfw/framework/web/filters/CInlineFilter.php(59): CController->filterAccessControl(Object(CFilterChain))
#13 /var/www/webgrader/appfw/framework/web/filters/CFilterChain.php(126): CInlineFilter->filter(Object(CFilterChain))
#14 /var/www/webgrader/appfw/framework/web/CController.php(283): CFilterChain->run()
#15 /var/www/webgrader/appfw/framework/web/CController.php(257): CController->runActionWithFilters(Object(CInlineAction), Array)
#16 /var/www/webgrader/appfw/framework/web/CWebApplication.php(324): CController->run('view')
#17 /var/www/webgrader/appfw/framework/web/CWebApplication.php(121): CWebApplication->runController('lessons/view')
#18 /var/www/webgrader/appfw/framework/base/CApplication.php(135): CWebApplication->processRequest()
#19 /var/www/webgrader/manageprob/index.php(13): CApplication->run()
#20 {main} REQUEST_URI=/manageprob/index.php?r=lessons/view&id=1
2010/09/28 16:16:16 [error] [exception.CException] exception 'CException' with message 'Property "ProbInfo.id" is not defined.' in /var/www/webgrader/appfw/framework/base/CComponent.php:131
Stack trace:
#0 /var/www/webgrader/appfw/framework/db/ar/CActiveRecord.php(110): CComponent->__get('id')
#1 /var/www/webgrader/manageprob/protected/components/Relation.php(297): CActiveRecord->__get('id')
#2 /var/www/webgrader/manageprob/protected/components/Relation.php(534): Relation->getRelatedData()
#3 /var/www/webgrader/manageprob/protected/components/Relation.php(443): Relation->renderCheckBoxListSelection()
#4 /var/www/webgrader/manageprob/protected/components/Relation.php(593): Relation->renderManyManySelection()
#5 /var/www/webgrader/appfw/framework/web/CBaseController.php(166): Relation->run()
#6 /var/www/webgrader/manageprob/protected/views/lessons/_form.php(52): CBaseController->widget('application.com...', Array)
#7 /var/www/webgrader/appfw/framework/web/CBaseController.php(119): require('/var/www/webgra...')
#8 /var/www/webgrader/appfw/framework/web/CBaseController.php(88): CBaseController->renderInternal('/var/www/webgra...', Array, true)
#9 /var/www/webgrader/appfw/framework/web/CController.php(798): CBaseController->renderFile('/var/www/webgra...', Array, true)
#10 /var/www/webgrader/manageprob/protected/views/lessons/update.php(26): CController->renderPartial('_form', Array)
#11 /var/www/webgrader/appfw/framework/web/CBaseController.php(119): require('/var/www/webgra...')
#12 /var/www/webgrader/appfw/framework/web/CBaseController.php(88): CBaseController->renderInternal('/var/www/webgra...', Array, true)
#13 /var/www/webgrader/appfw/framework/web/CController.php(798): CBaseController->renderFile('/var/www/webgra...', Array, true)
#14 /var/www/webgrader/appfw/framework/web/CController.php(739): CController->renderPartial('update', Array, true)
#15 /var/www/webgrader/manageprob/protected/controllers/LessonsController.php(83): CController->render('update', Array)
#16 /var/www/webgrader/appfw/framework/web/actions/CInlineAction.php(32): LessonsController->actionUpdate()
#17 /var/www/webgrader/appfw/framework/web/CController.php(300): CInlineAction->run()
#18 /var/www/webgrader/appfw/framework/web/filters/CFilterChain.php(129): CController->runAction(Object(CInlineAction))
#19 /var/www/webgrader/appfw/framework/web/filters/CFilter.php(41): CFilterChain->run()
#20 /var/www/webgrader/appfw/framework/web/CController.php(1049): CFilter->filter(Object(CFilterChain))
#21 /var/www/webgrader/appfw/framework/web/filters/CInlineFilter.php(59): CController->filterAccessControl(Object(CFilterChain))
#22 /var/www/webgrader/appfw/framework/web/filters/CFilterChain.php(126): CInlineFilter->filter(Object(CFilterChain))
#23 /var/www/webgrader/appfw/framework/web/CController.php(283): CFilterChain->run()
#24 /var/www/webgrader/appfw/framework/web/CController.php(257): CController->runActionWithFilters(Object(CInlineAction), Array)
#25 /var/www/webgrader/appfw/framework/web/CWebApplication.php(324): CController->run('update')
#26 /var/www/webgrader/appfw/framework/web/CWebApplication.php(121): CWebApplication->runController('lessons/update')
#27 /var/www/webgrader/appfw/framework/base/CApplication.php(135): CWebApplication->processRequest()
#28 /var/www/webgrader/manageprob/index.php(13): CApplication->run()
#29 {main} REQUEST_URI=/manageprob/index.php?r=lessons/update&id=1
2010/09/28 16:21:40 [error] [exception.CException] exception 'CException' with message 'Property "ProbInfo.id" is not defined.' in /var/www/webgrader/appfw/framework/base/CComponent.php:131
Stack trace:
#0 /var/www/webgrader/appfw/framework/db/ar/CActiveRecord.php(110): CComponent->__get('id')
#1 /var/www/webgrader/manageprob/protected/components/Relation.php(297): CActiveRecord->__get('id')
#2 /var/www/webgrader/manageprob/protected/components/Relation.php(534): Relation->getRelatedData()
#3 /var/www/webgrader/manageprob/protected/components/Relation.php(443): Relation->renderCheckBoxListSelection()
#4 /var/www/webgrader/manageprob/protected/components/Relation.php(593): Relation->renderManyManySelection()
#5 /var/www/webgrader/appfw/framework/web/CBaseController.php(166): Relation->run()
#6 /var/www/webgrader/manageprob/protected/views/lessons/_form.php(52): CBaseController->widget('application.com...', Array)
#7 /var/www/webgrader/appfw/framework/web/CBaseController.php(119): require('/var/www/webgra...')
#8 /var/www/webgrader/appfw/framework/web/CBaseController.php(88): CBaseController->renderInternal('/var/www/webgra...', Array, true)
#9 /var/www/webgrader/appfw/framework/web/CController.php(798): CBaseController->renderFile('/var/www/webgra...', Array, true)
#10 /var/www/webgrader/manageprob/protected/views/lessons/update.php(26): CController->renderPartial('_form', Array)
#11 /var/www/webgrader/appfw/framework/web/CBaseController.php(119): require('/var/www/webgra...')
#12 /var/www/webgrader/appfw/framework/web/CBaseController.php(88): CBaseController->renderInternal('/var/www/webgra...', Array, true)
#13 /var/www/webgrader/appfw/framework/web/CController.php(798): CBaseController->renderFile('/var/www/webgra...', Array, true)
#14 /var/www/webgrader/appfw/framework/web/CController.php(739): CController->renderPartial('update', Array, true)
#15 /var/www/webgrader/manageprob/protected/controllers/LessonsController.php(83): CController->render('update', Array)
#16 /var/www/webgrader/appfw/framework/web/actions/CInlineAction.php(32): LessonsController->actionUpdate()
#17 /var/www/webgrader/appfw/framework/web/CController.php(300): CInlineAction->run()
#18 /var/www/webgrader/appfw/framework/web/filters/CFilterChain.php(129): CController->runAction(Object(CInlineAction))
#19 /var/www/webgrader/appfw/framework/web/filters/CFilter.php(41): CFilterChain->run()
#20 /var/www/webgrader/appfw/framework/web/CController.php(1049): CFilter->filter(Object(CFilterChain))
#21 /var/www/webgrader/appfw/framework/web/filters/CInlineFilter.php(59): CController->filterAccessControl(Object(CFilterChain))
#22 /var/www/webgrader/appfw/framework/web/filters/CFilterChain.php(126): CInlineFilter->filter(Object(CFilterChain))
#23 /var/www/webgrader/appfw/framework/web/CController.php(283): CFilterChain->run()
#24 /var/www/webgrader/appfw/framework/web/CController.php(257): CController->runActionWithFilters(Object(CInlineAction), Array)
#25 /var/www/webgrader/appfw/framework/web/CWebApplication.php(324): CController->run('update')
#26 /var/www/webgrader/appfw/framework/web/CWebApplication.php(121): CWebApplication->runController('lessons/update')
#27 /var/www/webgrader/appfw/framework/base/CApplication.php(135): CWebApplication->processRequest()
#28 /var/www/webgrader/manageprob/index.php(13): CApplication->run()
#29 {main} REQUEST_URI=/manageprob/index.php?r=lessons/update&id=1
2010/09/28 16:22:14 [error] [exception.CException] exception 'CException' with message 'Property "ProbInfo.id" is not defined.' in /var/www/webgrader/appfw/framework/base/CComponent.php:131
Stack trace:
#0 /var/www/webgrader/appfw/framework/db/ar/CActiveRecord.php(110): CComponent->__get('id')
#1 /var/www/webgrader/manageprob/protected/components/Relation.php(297): CActiveRecord->__get('id')
#2 /var/www/webgrader/manageprob/protected/components/Relation.php(534): Relation->getRelatedData()
#3 /var/www/webgrader/manageprob/protected/components/Relation.php(443): Relation->renderCheckBoxListSelection()
#4 /var/www/webgrader/manageprob/protected/components/Relation.php(593): Relation->renderManyManySelection()
#5 /var/www/webgrader/appfw/framework/web/CBaseController.php(166): Relation->run()
#6 /var/www/webgrader/manageprob/protected/views/lessons/_form.php(52): CBaseController->widget('application.com...', Array)
#7 /var/www/webgrader/appfw/framework/web/CBaseController.php(119): require('/var/www/webgra...')
#8 /var/www/webgrader/appfw/framework/web/CBaseController.php(88): CBaseController->renderInternal('/var/www/webgra...', Array, true)
#9 /var/www/webgrader/appfw/framework/web/CController.php(798): CBaseController->renderFile('/var/www/webgra...', Array, true)
#10 /var/www/webgrader/manageprob/protected/views/lessons/update.php(26): CController->renderPartial('_form', Array)
#11 /var/www/webgrader/appfw/framework/web/CBaseController.php(119): require('/var/www/webgra...')
#12 /var/www/webgrader/appfw/framework/web/CBaseController.php(88): CBaseController->renderInternal('/var/www/webgra...', Array, true)
#13 /var/www/webgrader/appfw/framework/web/CController.php(798): CBaseController->renderFile('/var/www/webgra...', Array, true)
#14 /var/www/webgrader/appfw/framework/web/CController.php(739): CController->renderPartial('update', Array, true)
#15 /var/www/webgrader/manageprob/protected/controllers/LessonsController.php(83): CController->render('update', Array)
#16 /var/www/webgrader/appfw/framework/web/actions/CInlineAction.php(32): LessonsController->actionUpdate()
#17 /var/www/webgrader/appfw/framework/web/CController.php(300): CInlineAction->run()
#18 /var/www/webgrader/appfw/framework/web/filters/CFilterChain.php(129): CController->runAction(Object(CInlineAction))
#19 /var/www/webgrader/appfw/framework/web/filters/CFilter.php(41): CFilterChain->run()
#20 /var/www/webgrader/appfw/framework/web/CController.php(1049): CFilter->filter(Object(CFilterChain))
#21 /var/www/webgrader/appfw/framework/web/filters/CInlineFilter.php(59): CController->filterAccessControl(Object(CFilterChain))
#22 /var/www/webgrader/appfw/framework/web/filters/CFilterChain.php(126): CInlineFilter->filter(Object(CFilterChain))
#23 /var/www/webgrader/appfw/framework/web/CController.php(283): CFilterChain->run()
#24 /var/www/webgrader/appfw/framework/web/CController.php(257): CController->runActionWithFilters(Object(CInlineAction), Array)
#25 /var/www/webgrader/appfw/framework/web/CWebApplication.php(324): CController->run('update')
#26 /var/www/webgrader/appfw/framework/web/CWebApplication.php(121): CWebApplication->runController('lessons/update')
#27 /var/www/webgrader/appfw/framework/base/CApplication.php(135): CWebApplication->processRequest()
#28 /var/www/webgrader/manageprob/index.php(13): CApplication->run()
#29 {main} REQUEST_URI=/manageprob/index.php?r=lessons/update&id=1
